[0.315s] Invoking command in '/home/parallels/project/krever/build/krever_controller': PYTHONPATH=/home/parallels/project/krever/build/krever_controller/prefix_override:/usr/lib/python3/dist-packages/colcon_core/task/python/colcon_distutils_commands:/home/parallels/project/krever/install/krever_controller/lib/python3.10/site-packages:${PYTHONPATH} /usr/bin/python3 -W ignore:setup.py install is deprecated setup.py develop --editable --build-directory /home/parallels/project/krever/build/krever_controller/build --no-deps symlink_data --force
[0.441s] running develop
[0.442s] /usr/lib/python3/dist-packages/setuptools/command/easy_install.py:158: EasyInstallDeprecationWarning: easy_install command is deprecated. Use build and pip and other standards-based tools.
[0.442s]   warnings.warn(
[0.510s] running egg_info
[0.510s] writing krever_controller.egg-info/PKG-INFO
[0.511s] writing dependency_links to krever_controller.egg-info/dependency_links.txt
[0.511s] writing entry points to krever_controller.egg-info/entry_points.txt
[0.511s] writing requirements to krever_controller.egg-info/requires.txt
[0.511s] writing top-level names to krever_controller.egg-info/top_level.txt
[0.512s] reading manifest file 'krever_controller.egg-info/SOURCES.txt'
[0.512s] writing manifest file 'krever_controller.egg-info/SOURCES.txt'
[0.513s] running build_ext
[0.513s] Creating /home/parallels/project/krever/install/krever_controller/lib/python3.10/site-packages/krever-controller.egg-link (link to .)
[0.513s] Installing test_node script to /home/parallels/project/krever/install/krever_controller/lib/krever_controller
[0.513s] 
[0.513s] Installed /home/parallels/project/krever/build/krever_controller
[0.514s] running symlink_data
[0.514s] symbolically linking /home/parallels/project/krever/build/krever_controller/resource/krever_controller -> /home/parallels/project/krever/install/krever_controller/share/ament_index/resource_index/packages
[0.514s] symbolically linking /home/parallels/project/krever/build/krever_controller/package.xml -> /home/parallels/project/krever/install/krever_controller/share/krever_controller
[0.528s] Invoked command in '/home/parallels/project/krever/build/krever_controller' returned '0': PYTHONPATH=/home/parallels/project/krever/build/krever_controller/prefix_override:/usr/lib/python3/dist-packages/colcon_core/task/python/colcon_distutils_commands:/home/parallels/project/krever/install/krever_controller/lib/python3.10/site-packages:${PYTHONPATH} /usr/bin/python3 -W ignore:setup.py install is deprecated setup.py develop --editable --build-directory /home/parallels/project/krever/build/krever_controller/build --no-deps symlink_data --force
