[0.163s] Invoking command in '/home/parallels/project/krever/build/robot_controller': CMAKE_PREFIX_PATH=/home/parallels/project/krever/install/krever_controller:/opt/ros/humble /usr/bin/cmake /home/parallels/project/krever/src/robot_controller -DCMAKE_INSTALL_PREFIX=/home/parallels/project/krever/install/robot_controller
[0.266s] -- The C compiler identification is GNU 11.4.0
[0.330s] -- The CXX compiler identification is GNU 11.4.0
[0.342s] -- Detecting C compiler ABI info
[0.429s] -- Detecting C compiler ABI info - done
[0.435s] -- Check for working C compiler: /usr/bin/cc - skipped
[0.436s] -- Detecting C compile features
[0.437s] -- Detecting C compile features - done
[0.442s] -- Detecting CXX compiler ABI info
[0.548s] -- Detecting CXX compiler ABI info - done
[0.553s] -- Check for working CXX compiler: /usr/bin/c++ - skipped
[0.553s] -- Detecting CXX compile features
[0.554s] -- Detecting CXX compile features - done
[0.567s] -- Found ament_cmake: 1.3.10 (/opt/ros/humble/share/ament_cmake/cmake)
[0.670s] -- Found Python3: /usr/bin/python3 (found version "3.10.12") found components: Interpreter 
[0.735s] -- Found ament_lint_auto: 0.12.11 (/opt/ros/humble/share/ament_lint_auto/cmake)
[0.788s] -- Added test 'flake8' to check Python code syntax and style conventions
[0.788s] -- Added test 'lint_cmake' to check CMake code style
[0.789s] -- Added test 'pep257' to check Python code against some of the docstring style conventions in PEP 257
[0.790s] -- Added test 'xmllint' to check XML markup files
[0.791s] -- Configuring done
[0.793s] -- Generating done
[0.794s] -- Build files have been written to: /home/parallels/project/krever/build/robot_controller
[0.797s] Invoked command in '/home/parallels/project/krever/build/robot_controller' returned '0': CMAKE_PREFIX_PATH=/home/parallels/project/krever/install/krever_controller:/opt/ros/humble /usr/bin/cmake /home/parallels/project/krever/src/robot_controller -DCMAKE_INSTALL_PREFIX=/home/parallels/project/krever/install/robot_controller
[0.798s] Invoking command in '/home/parallels/project/krever/build/robot_controller': CMAKE_PREFIX_PATH=/home/parallels/project/krever/install/krever_controller:/opt/ros/humble /usr/bin/cmake --build /home/parallels/project/krever/build/robot_controller -- -j4 -l4
[0.816s] Invoked command in '/home/parallels/project/krever/build/robot_controller' returned '0': CMAKE_PREFIX_PATH=/home/parallels/project/krever/install/krever_controller:/opt/ros/humble /usr/bin/cmake --build /home/parallels/project/krever/build/robot_controller -- -j4 -l4
[0.835s] Invoking command in '/home/parallels/project/krever/build/robot_controller': CMAKE_PREFIX_PATH=/home/parallels/project/krever/install/krever_controller:/opt/ros/humble /usr/bin/cmake --install /home/parallels/project/krever/build/robot_controller
[0.838s] -- Install configuration: ""
[0.839s] -- Installing: /home/parallels/project/krever/install/robot_controller/share/robot_controller//launch
[0.839s] -- Installing: /home/parallels/project/krever/install/robot_controller/share/robot_controller//launch/gazebo.launch.py
[0.839s] -- Installing: /home/parallels/project/krever/install/robot_controller/share/robot_controller//launch/display.launch.py
[0.839s] -- Installing: /home/parallels/project/krever/install/robot_controller/share/robot_controller//xacro
[0.840s] -- Installing: /home/parallels/project/krever/install/robot_controller/share/robot_controller//rviz
[0.840s] -- Installing: /home/parallels/project/krever/install/robot_controller/share/robot_controller//rviz/config.rviz
[0.841s] -- Installing: /home/parallels/project/krever/install/robot_controller/share/ament_index/resource_index/package_run_dependencies/robot_controller
[0.841s] -- Installing: /home/parallels/project/krever/install/robot_controller/share/ament_index/resource_index/parent_prefix_path/robot_controller
[0.841s] -- Installing: /home/parallels/project/krever/install/robot_controller/share/robot_controller/environment/ament_prefix_path.sh
[0.841s] -- Installing: /home/parallels/project/krever/install/robot_controller/share/robot_controller/environment/ament_prefix_path.dsv
[0.842s] -- Installing: /home/parallels/project/krever/install/robot_controller/share/robot_controller/environment/path.sh
[0.842s] -- Installing: /home/parallels/project/krever/install/robot_controller/share/robot_controller/environment/path.dsv
[0.842s] -- Installing: /home/parallels/project/krever/install/robot_controller/share/robot_controller/local_setup.bash
[0.842s] -- Installing: /home/parallels/project/krever/install/robot_controller/share/robot_controller/local_setup.sh
[0.842s] -- Installing: /home/parallels/project/krever/install/robot_controller/share/robot_controller/local_setup.zsh
[0.842s] -- Installing: /home/parallels/project/krever/install/robot_controller/share/robot_controller/local_setup.dsv
[0.842s] -- Installing: /home/parallels/project/krever/install/robot_controller/share/robot_controller/package.dsv
[0.842s] -- Installing: /home/parallels/project/krever/install/robot_controller/share/ament_index/resource_index/packages/robot_controller
[0.842s] -- Installing: /home/parallels/project/krever/install/robot_controller/share/robot_controller/cmake/robot_controllerConfig.cmake
[0.842s] -- Installing: /home/parallels/project/krever/install/robot_controller/share/robot_controller/cmake/robot_controllerConfig-version.cmake
[0.842s] -- Installing: /home/parallels/project/krever/install/robot_controller/share/robot_controller/package.xml
[0.842s] Invoked command in '/home/parallels/project/krever/build/robot_controller' returned '0': CMAKE_PREFIX_PATH=/home/parallels/project/krever/install/krever_controller:/opt/ros/humble /usr/bin/cmake --install /home/parallels/project/krever/build/robot_controller
