/usr/local/lib/python3.10/dist-packages/setuptools/_distutils/dist.py:261: UserWarning: Unknown distribution option: 'tests_require'
  warnings.warn(msg)
Traceback (most recent call last):
  File "/home/parallels/project/krever/src/krever_controller/setup.py", line 5, in <module>
    setup(
  File "/usr/local/lib/python3.10/dist-packages/setuptools/__init__.py", line 117, in setup
    return distutils.core.setup(**attrs)
  File "/usr/local/lib/python3.10/dist-packages/setuptools/_distutils/core.py", line 183, in setup
    return run_commands(dist)
  File "/usr/local/lib/python3.10/dist-packages/setuptools/_distutils/core.py", line 199, in run_commands
    dist.run_commands()
  File "/usr/local/lib/python3.10/dist-packages/setuptools/_distutils/dist.py", line 954, in run_commands
    self.run_command(cmd)
  File "/usr/local/lib/python3.10/dist-packages/setuptools/dist.py", line 950, in run_command
    super().run_command(command)
  File "/usr/local/lib/python3.10/dist-packages/setuptools/_distutils/dist.py", line 973, in run_command
    cmd_obj.run()
  File "/usr/local/lib/python3.10/dist-packages/setuptools/command/egg_info.py", line 311, in run
    self.find_sources()
  File "/usr/local/lib/python3.10/dist-packages/setuptools/command/egg_info.py", line 319, in find_sources
    mm.run()
  File "/usr/local/lib/python3.10/dist-packages/setuptools/command/egg_info.py", line 545, in run
    self.prune_file_list()
  File "/usr/local/lib/python3.10/dist-packages/setuptools/command/sdist.py", line 161, in prune_file_list
    super().prune_file_list()
  File "/usr/local/lib/python3.10/dist-packages/setuptools/_distutils/command/sdist.py", line 380, in prune_file_list
    base_dir = self.distribution.get_fullname()
  File "/usr/local/lib/python3.10/dist-packages/setuptools/_core_metadata.py", line 267, in get_fullname
    return _distribution_fullname(self.get_name(), self.get_version())
  File "/usr/local/lib/python3.10/dist-packages/setuptools/_core_metadata.py", line 285, in _distribution_fullname
    canonicalize_version(version, strip_trailing_zero=False),
TypeError: canonicalize_version() got an unexpected keyword argument 'strip_trailing_zero'
