[0.121s] Invoking command in '/home/parallels/project/krever/build/robot_controller': CMAKE_PREFIX_PATH=${CMAKE_PREFIX_PATH}:/home/parallels/project/krever/install/krever_controller:/opt/ros/humble /usr/bin/cmake --build /home/parallels/project/krever/build/robot_controller -- -j4 -l4
[0.147s] Invoked command in '/home/parallels/project/krever/build/robot_controller' returned '0': CMAKE_PREFIX_PATH=${CMAKE_PREFIX_PATH}:/home/parallels/project/krever/install/krever_controller:/opt/ros/humble /usr/bin/cmake --build /home/parallels/project/krever/build/robot_controller -- -j4 -l4
[0.161s] Invoking command in '/home/parallels/project/krever/build/robot_controller': CMAKE_PREFIX_PATH=${CMAKE_PREFIX_PATH}:/home/parallels/project/krever/install/krever_controller:/opt/ros/humble /usr/bin/cmake --install /home/parallels/project/krever/build/robot_controller
[0.165s] -- Install configuration: ""
[0.165s] -- Up-to-date: /home/parallels/project/krever/install/robot_controller/share/robot_controller//launch
[0.165s] -- Up-to-date: /home/parallels/project/krever/install/robot_controller/share/robot_controller//launch/gazebo.launch.py
[0.165s] -- Up-to-date: /home/parallels/project/krever/install/robot_controller/share/robot_controller//launch/display.launch.py
[0.165s] -- Up-to-date: /home/parallels/project/krever/install/robot_controller/share/robot_controller//xacro
[0.165s] -- Up-to-date: /home/parallels/project/krever/install/robot_controller/share/robot_controller//rviz
[0.166s] -- Up-to-date: /home/parallels/project/krever/install/robot_controller/share/robot_controller//rviz/config.rviz
[0.166s] -- Up-to-date: /home/parallels/project/krever/install/robot_controller/share/ament_index/resource_index/package_run_dependencies/robot_controller
[0.166s] -- Up-to-date: /home/parallels/project/krever/install/robot_controller/share/ament_index/resource_index/parent_prefix_path/robot_controller
[0.166s] -- Up-to-date: /home/parallels/project/krever/install/robot_controller/share/robot_controller/environment/ament_prefix_path.sh
[0.166s] -- Up-to-date: /home/parallels/project/krever/install/robot_controller/share/robot_controller/environment/ament_prefix_path.dsv
[0.166s] -- Up-to-date: /home/parallels/project/krever/install/robot_controller/share/robot_controller/environment/path.sh
[0.166s] -- Up-to-date: /home/parallels/project/krever/install/robot_controller/share/robot_controller/environment/path.dsv
[0.166s] -- Up-to-date: /home/parallels/project/krever/install/robot_controller/share/robot_controller/local_setup.bash
[0.166s] -- Up-to-date: /home/parallels/project/krever/install/robot_controller/share/robot_controller/local_setup.sh
[0.166s] -- Up-to-date: /home/parallels/project/krever/install/robot_controller/share/robot_controller/local_setup.zsh
[0.166s] -- Up-to-date: /home/parallels/project/krever/install/robot_controller/share/robot_controller/local_setup.dsv
[0.166s] -- Installing: /home/parallels/project/krever/install/robot_controller/share/robot_controller/package.dsv
[0.166s] -- Up-to-date: /home/parallels/project/krever/install/robot_controller/share/ament_index/resource_index/packages/robot_controller
[0.166s] -- Up-to-date: /home/parallels/project/krever/install/robot_controller/share/robot_controller/cmake/robot_controllerConfig.cmake
[0.166s] -- Up-to-date: /home/parallels/project/krever/install/robot_controller/share/robot_controller/cmake/robot_controllerConfig-version.cmake
[0.166s] -- Up-to-date: /home/parallels/project/krever/install/robot_controller/share/robot_controller/package.xml
[0.172s] Invoked command in '/home/parallels/project/krever/build/robot_controller' returned '0': CMAKE_PREFIX_PATH=${CMAKE_PREFIX_PATH}:/home/parallels/project/krever/install/krever_controller:/opt/ros/humble /usr/bin/cmake --install /home/parallels/project/krever/build/robot_controller
