[0.313s] Invoking command in '/home/parallels/project/krever/src/krever_controller': PYTHONPATH=/home/parallels/project/krever/build/krever_controller/prefix_override:/usr/lib/python3/dist-packages/colcon_core/task/python/colcon_distutils_commands:/home/parallels/project/krever/install/krever_controller/lib/python3.10/site-packages:${PYTHONPATH} /usr/bin/python3 -W ignore:setup.py install is deprecated setup.py egg_info --egg-base ../../build/krever_controller build --build-base /home/parallels/project/krever/build/krever_controller/build install --record /home/parallels/project/krever/build/krever_controller/install.log --single-version-externally-managed install_data
[0.422s] running egg_info
[0.422s] writing ../../build/krever_controller/krever_controller.egg-info/PKG-INFO
[0.422s] writing dependency_links to ../../build/krever_controller/krever_controller.egg-info/dependency_links.txt
[0.422s] writing entry points to ../../build/krever_controller/krever_controller.egg-info/entry_points.txt
[0.423s] writing requirements to ../../build/krever_controller/krever_controller.egg-info/requires.txt
[0.423s] writing top-level names to ../../build/krever_controller/krever_controller.egg-info/top_level.txt
[0.423s] reading manifest file '../../build/krever_controller/krever_controller.egg-info/SOURCES.txt'
[0.424s] writing manifest file '../../build/krever_controller/krever_controller.egg-info/SOURCES.txt'
[0.424s] running build
[0.424s] running build_py
[0.424s] running install
[0.424s] running install_lib
[0.425s] running install_data
[0.425s] running install_egg_info
[0.427s] removing '/home/parallels/project/krever/install/krever_controller/lib/python3.10/site-packages/krever_controller-0.0.0-py3.10.egg-info' (and everything under it)
[0.427s] Copying ../../build/krever_controller/krever_controller.egg-info to /home/parallels/project/krever/install/krever_controller/lib/python3.10/site-packages/krever_controller-0.0.0-py3.10.egg-info
[0.427s] running install_scripts
[0.437s] Installing test_node script to /home/parallels/project/krever/install/krever_controller/lib/krever_controller
[0.438s] writing list of installed files to '/home/parallels/project/krever/build/krever_controller/install.log'
[0.449s] Invoked command in '/home/parallels/project/krever/src/krever_controller' returned '0': PYTHONPATH=/home/parallels/project/krever/build/krever_controller/prefix_override:/usr/lib/python3/dist-packages/colcon_core/task/python/colcon_distutils_commands:/home/parallels/project/krever/install/krever_controller/lib/python3.10/site-packages:${PYTHONPATH} /usr/bin/python3 -W ignore:setup.py install is deprecated setup.py egg_info --egg-base ../../build/krever_controller build --build-base /home/parallels/project/krever/build/krever_controller/build install --record /home/parallels/project/krever/build/krever_controller/install.log --single-version-externally-managed install_data
