[0.301s] Invoking command in '/home/parallels/project/krever/src/krever_controller': PYTHONPATH=/home/parallels/project/krever/build/krever_controller/prefix_override:/usr/lib/python3/dist-packages/colcon_core/task/python/colcon_distutils_commands:/home/parallels/project/krever/install/krever_controller/lib/python3.10/site-packages:${PYTHONPATH} /usr/bin/python3 -W ignore:setup.py install is deprecated setup.py egg_info --egg-base ../../build/krever_controller build --build-base /home/parallels/project/krever/build/krever_controller/build install --record /home/parallels/project/krever/build/krever_controller/install.log --single-version-externally-managed install_data
[0.422s] running egg_info
[0.423s] creating ../../build/krever_controller/krever_controller.egg-info
[0.423s] writing ../../build/krever_controller/krever_controller.egg-info/PKG-INFO
[0.423s] writing dependency_links to ../../build/krever_controller/krever_controller.egg-info/dependency_links.txt
[0.423s] writing entry points to ../../build/krever_controller/krever_controller.egg-info/entry_points.txt
[0.423s] writing requirements to ../../build/krever_controller/krever_controller.egg-info/requires.txt
[0.423s] writing top-level names to ../../build/krever_controller/krever_controller.egg-info/top_level.txt
[0.423s] writing manifest file '../../build/krever_controller/krever_controller.egg-info/SOURCES.txt'
[0.424s] reading manifest file '../../build/krever_controller/krever_controller.egg-info/SOURCES.txt'
[0.424s] writing manifest file '../../build/krever_controller/krever_controller.egg-info/SOURCES.txt'
[0.424s] running build
[0.424s] running build_py
[0.425s] creating /home/parallels/project/krever/build/krever_controller/build
[0.425s] creating /home/parallels/project/krever/build/krever_controller/build/lib
[0.425s] creating /home/parallels/project/krever/build/krever_controller/build/lib/krever_controller
[0.425s] copying krever_controller/__init__.py -> /home/parallels/project/krever/build/krever_controller/build/lib/krever_controller
[0.425s] running install
[0.425s] running install_lib
[0.425s] creating /home/parallels/project/krever/install/krever_controller/lib/python3.10/site-packages/krever_controller
[0.425s] copying /home/parallels/project/krever/build/krever_controller/build/lib/krever_controller/__init__.py -> /home/parallels/project/krever/install/krever_controller/lib/python3.10/site-packages/krever_controller
[0.426s] byte-compiling /home/parallels/project/krever/install/krever_controller/lib/python3.10/site-packages/krever_controller/__init__.py to __init__.cpython-310.pyc
[0.426s] running install_data
[0.426s] creating /home/parallels/project/krever/install/krever_controller/share/ament_index
[0.426s] creating /home/parallels/project/krever/install/krever_controller/share/ament_index/resource_index
[0.426s] creating /home/parallels/project/krever/install/krever_controller/share/ament_index/resource_index/packages
[0.426s] copying resource/krever_controller -> /home/parallels/project/krever/install/krever_controller/share/ament_index/resource_index/packages
[0.426s] copying package.xml -> /home/parallels/project/krever/install/krever_controller/share/krever_controller
[0.426s] running install_egg_info
[0.427s] Copying ../../build/krever_controller/krever_controller.egg-info to /home/parallels/project/krever/install/krever_controller/lib/python3.10/site-packages/krever_controller-0.0.0-py3.10.egg-info
[0.427s] running install_scripts
[0.438s] writing list of installed files to '/home/parallels/project/krever/build/krever_controller/install.log'
[0.452s] Invoked command in '/home/parallels/project/krever/src/krever_controller' returned '0': PYTHONPATH=/home/parallels/project/krever/build/krever_controller/prefix_override:/usr/lib/python3/dist-packages/colcon_core/task/python/colcon_distutils_commands:/home/parallels/project/krever/install/krever_controller/lib/python3.10/site-packages:${PYTHONPATH} /usr/bin/python3 -W ignore:setup.py install is deprecated setup.py egg_info --egg-base ../../build/krever_controller build --build-base /home/parallels/project/krever/build/krever_controller/build install --record /home/parallels/project/krever/build/krever_controller/install.log --single-version-externally-managed install_data
