running develop
Removing /home/parallels/project/krever/install/krever_controller/lib/python3.10/site-packages/krever-controller.egg-link (link to .)
running egg_info
writing ../../build/krever_controller/krever_controller.egg-info/PKG-INFO
writing dependency_links to ../../build/krever_controller/krever_controller.egg-info/dependency_links.txt
writing entry points to ../../build/krever_controller/krever_controller.egg-info/entry_points.txt
writing requirements to ../../build/krever_controller/krever_controller.egg-info/requires.txt
writing top-level names to ../../build/krever_controller/krever_controller.egg-info/top_level.txt
reading manifest file '../../build/krever_controller/krever_controller.egg-info/SOURCES.txt'
writing manifest file '../../build/krever_controller/krever_controller.egg-info/SOURCES.txt'
running build
running build_py
copying krever_controller/first_node.py -> /home/parallels/project/krever/build/krever_controller/build/lib/krever_controller
running install
running install_lib
creating /home/parallels/project/krever/install/krever_controller/lib/python3.10/site-packages/krever_controller
copying /home/parallels/project/krever/build/krever_controller/build/lib/krever_controller/first_node.py -> /home/parallels/project/krever/install/krever_controller/lib/python3.10/site-packages/krever_controller
copying /home/parallels/project/krever/build/krever_controller/build/lib/krever_controller/__init__.py -> /home/parallels/project/krever/install/krever_controller/lib/python3.10/site-packages/krever_controller
byte-compiling /home/parallels/project/krever/install/krever_controller/lib/python3.10/site-packages/krever_controller/first_node.py to first_node.cpython-310.pyc
byte-compiling /home/parallels/project/krever/install/krever_controller/lib/python3.10/site-packages/krever_controller/__init__.py to __init__.cpython-310.pyc
running install_data
copying resource/krever_controller -> /home/parallels/project/krever/install/krever_controller/share/ament_index/resource_index/packages
copying package.xml -> /home/parallels/project/krever/install/krever_controller/share/krever_controller
running install_egg_info
Copying ../../build/krever_controller/krever_controller.egg-info to /home/parallels/project/krever/install/krever_controller/lib/python3.10/site-packages/krever_controller-0.0.0-py3.10.egg-info
running install_scripts
Installing test_node script to /home/parallels/project/krever/install/krever_controller/lib/krever_controller
writing list of installed files to '/home/parallels/project/krever/build/krever_controller/install.log'
