[0.380s] Invoking command in '/home/parallels/project/krever/src/krever_controller': PYTHONPATH=/home/parallels/project/krever/build/krever_controller/prefix_override:/usr/lib/python3/dist-packages/colcon_core/task/python/colcon_distutils_commands:/home/parallels/project/krever/install/krever_controller/lib/python3.10/site-packages:${PYTHONPATH} /usr/bin/python3 -W ignore:setup.py install is deprecated setup.py egg_info --egg-base ../../build/krever_controller build --build-base /home/parallels/project/krever/build/krever_controller/build install --record /home/parallels/project/krever/build/krever_controller/install.log --single-version-externally-managed install_data
[0.462s] /usr/local/lib/python3.10/dist-packages/setuptools/_distutils/dist.py:261: UserWarning: Unknown distribution option: 'tests_require'
[0.462s]   warnings.warn(msg)
[0.513s] running egg_info
[0.520s] writing ../../build/krever_controller/krever_controller.egg-info/PKG-INFO
[0.520s] writing dependency_links to ../../build/krever_controller/krever_controller.egg-info/dependency_links.txt
[0.521s] writing entry points to ../../build/krever_controller/krever_controller.egg-info/entry_points.txt
[0.521s] writing requirements to ../../build/krever_controller/krever_controller.egg-info/requires.txt
[0.521s] writing top-level names to ../../build/krever_controller/krever_controller.egg-info/top_level.txt
[0.535s] reading manifest file '../../build/krever_controller/krever_controller.egg-info/SOURCES.txt'
[0.537s] Traceback (most recent call last):
[0.537s]   File "/home/parallels/project/krever/src/krever_controller/setup.py", line 5, in <module>
[0.537s]     setup(
[0.537s]   File "/usr/local/lib/python3.10/dist-packages/setuptools/__init__.py", line 117, in setup
[0.537s]     return distutils.core.setup(**attrs)
[0.537s]   File "/usr/local/lib/python3.10/dist-packages/setuptools/_distutils/core.py", line 183, in setup
[0.537s]     return run_commands(dist)
[0.537s]   File "/usr/local/lib/python3.10/dist-packages/setuptools/_distutils/core.py", line 199, in run_commands
[0.537s]     dist.run_commands()
[0.537s]   File "/usr/local/lib/python3.10/dist-packages/setuptools/_distutils/dist.py", line 954, in run_commands
[0.537s]     self.run_command(cmd)
[0.537s]   File "/usr/local/lib/python3.10/dist-packages/setuptools/dist.py", line 950, in run_command
[0.537s]     super().run_command(command)
[0.537s]   File "/usr/local/lib/python3.10/dist-packages/setuptools/_distutils/dist.py", line 973, in run_command
[0.537s]     cmd_obj.run()
[0.537s]   File "/usr/local/lib/python3.10/dist-packages/setuptools/command/egg_info.py", line 311, in run
[0.538s]     self.find_sources()
[0.538s]   File "/usr/local/lib/python3.10/dist-packages/setuptools/command/egg_info.py", line 319, in find_sources
[0.538s]     mm.run()
[0.538s]   File "/usr/local/lib/python3.10/dist-packages/setuptools/command/egg_info.py", line 545, in run
[0.538s]     self.prune_file_list()
[0.538s]   File "/usr/local/lib/python3.10/dist-packages/setuptools/command/sdist.py", line 161, in prune_file_list
[0.538s]     super().prune_file_list()
[0.538s]   File "/usr/local/lib/python3.10/dist-packages/setuptools/_distutils/command/sdist.py", line 380, in prune_file_list
[0.538s]     base_dir = self.distribution.get_fullname()
[0.538s]   File "/usr/local/lib/python3.10/dist-packages/setuptools/_core_metadata.py", line 267, in get_fullname
[0.538s]     return _distribution_fullname(self.get_name(), self.get_version())
[0.539s]   File "/usr/local/lib/python3.10/dist-packages/setuptools/_core_metadata.py", line 285, in _distribution_fullname
[0.539s]     canonicalize_version(version, strip_trailing_zero=False),
[0.539s] TypeError: canonicalize_version() got an unexpected keyword argument 'strip_trailing_zero'
[0.552s] Invoked command in '/home/parallels/project/krever/src/krever_controller' returned '1': PYTHONPATH=/home/parallels/project/krever/build/krever_controller/prefix_override:/usr/lib/python3/dist-packages/colcon_core/task/python/colcon_distutils_commands:/home/parallels/project/krever/install/krever_controller/lib/python3.10/site-packages:${PYTHONPATH} /usr/bin/python3 -W ignore:setup.py install is deprecated setup.py egg_info --egg-base ../../build/krever_controller build --build-base /home/parallels/project/krever/build/krever_controller/build install --record /home/parallels/project/krever/build/krever_controller/install.log --single-version-externally-managed install_data
