[0.163s] DEBUG:colcon:Command line arguments: ['/usr/bin/colcon', 'list', '-p', '--base-paths', '/home/parallels/project/krever']
[0.163s] DEBUG:colcon:Parsed command line arguments: Namespace(log_base=None, log_level=None, verb_name='list', build_base='build', ignore_user_meta=False, metas=['./colcon.meta'], base_paths=['/home/parallels/project/krever'], packages_ignore=None, packages_ignore_regex=None, paths=None, packages_up_to=None, packages_up_to_regex=None, packages_above=None, packages_above_and_dependencies=None, packages_above_depth=None, packages_select_by_dep=None, packages_skip_by_dep=None, packages_skip_up_to=None, packages_select_build_failed=False, packages_skip_build_finished=False, packages_select_test_failures=False, packages_skip_test_passed=False, packages_select=None, packages_skip=None, packages_select_regex=None, packages_skip_regex=None, packages_start=None, packages_end=None, allow_overriding=[], topological_order=False, names_only=False, paths_only=True, topological_graph=False, topological_graph_dot=False, topological_graph_density=False, topological_graph_legend=False, topological_graph_dot_cluster=False, topological_graph_dot_include_skipped=False, mixin_files=None, mixin=None, verb_parser=<colcon_mixin.mixin.mixin_argument.MixinArgumentDecorator object at 0xffff8dd76fb0>, verb_extension=<colcon_package_information.verb.list.ListVerb object at 0xffff8de86b60>, main=<bound method ListVerb.main of <colcon_package_information.verb.list.ListVerb object at 0xffff8de86b60>>, mixin_verb=('list',))
[0.451s] Level 1:colcon.colcon_core.package_discovery:discover_packages(colcon_meta) check parameters
[0.451s] Level 1:colcon.colcon_core.package_discovery:discover_packages(recursive) check parameters
[0.451s] Level 1:colcon.colcon_core.package_discovery:discover_packages(ignore) check parameters
[0.451s] Level 1:colcon.colcon_core.package_discovery:discover_packages(path) check parameters
[0.451s] Level 1:colcon.colcon_core.package_discovery:discover_packages(recursive) discover
[0.451s] INFO:colcon.colcon_core.package_discovery:Crawling recursively for packages in '/home/parallels/project/krever'
[0.451s] Level 1:colcon.colcon_core.package_identification:_identify(/home/parallels/project/krever) by extensions ['ignore', 'ignore_ament_install']
[0.451s] Level 1:colcon.colcon_core.package_identification:_identify(/home/parallels/project/krever) by extension 'ignore'
[0.451s] Level 1:colcon.colcon_core.package_identification:_identify(/home/parallels/project/krever) by extension 'ignore_ament_install'
[0.451s] Level 1:colcon.colcon_core.package_identification:_identify(/home/parallels/project/krever) by extensions ['colcon_pkg']
[0.451s] Level 1:colcon.colcon_core.package_identification:_identify(/home/parallels/project/krever) by extension 'colcon_pkg'
[0.451s] Level 1:colcon.colcon_core.package_identification:_identify(/home/parallels/project/krever) by extensions ['colcon_meta']
[0.451s] Level 1:colcon.colcon_core.package_identification:_identify(/home/parallels/project/krever) by extension 'colcon_meta'
[0.451s] Level 1:colcon.colcon_core.package_identification:_identify(/home/parallels/project/krever) by extensions ['ros']
[0.451s] Level 1:colcon.colcon_core.package_identification:_identify(/home/parallels/project/krever) by extension 'ros'
[0.463s] Level 1:colcon.colcon_core.package_identification:_identify(/home/parallels/project/krever) by extensions ['cmake', 'python']
[0.463s] Level 1:colcon.colcon_core.package_identification:_identify(/home/parallels/project/krever) by extension 'cmake'
[0.463s] Level 1:colcon.colcon_core.package_identification:_identify(/home/parallels/project/krever) by extension 'python'
[0.463s] Level 1:colcon.colcon_core.package_identification:_identify(/home/parallels/project/krever) by extensions ['python_setup_py']
[0.463s] Level 1:colcon.colcon_core.package_identification:_identify(/home/parallels/project/krever) by extension 'python_setup_py'
[0.463s] Level 1:colcon.colcon_core.package_identification:_identify(/home/parallels/project/krever/build) by extensions ['ignore', 'ignore_ament_install']
[0.463s] Level 1:colcon.colcon_core.package_identification:_identify(/home/parallels/project/krever/build) by extension 'ignore'
[0.463s] Level 1:colcon.colcon_core.package_identification:_identify(/home/parallels/project/krever/build) ignored
[0.463s] Level 1:colcon.colcon_core.package_identification:_identify(/home/parallels/project/krever/install) by extensions ['ignore', 'ignore_ament_install']
[0.463s] Level 1:colcon.colcon_core.package_identification:_identify(/home/parallels/project/krever/install) by extension 'ignore'
[0.463s] Level 1:colcon.colcon_core.package_identification:_identify(/home/parallels/project/krever/install) ignored
[0.463s] Level 1:colcon.colcon_core.package_identification:_identify(/home/parallels/project/krever/log) by extensions ['ignore', 'ignore_ament_install']
[0.463s] Level 1:colcon.colcon_core.package_identification:_identify(/home/parallels/project/krever/log) by extension 'ignore'
[0.463s] Level 1:colcon.colcon_core.package_identification:_identify(/home/parallels/project/krever/log) ignored
[0.463s] Level 1:colcon.colcon_core.package_identification:_identify(/home/parallels/project/krever/src) by extensions ['ignore', 'ignore_ament_install']
[0.463s] Level 1:colcon.colcon_core.package_identification:_identify(/home/parallels/project/krever/src) by extension 'ignore'
[0.463s] Level 1:colcon.colcon_core.package_identification:_identify(/home/parallels/project/krever/src) by extension 'ignore_ament_install'
[0.463s] Level 1:colcon.colcon_core.package_identification:_identify(/home/parallels/project/krever/src) by extensions ['colcon_pkg']
[0.463s] Level 1:colcon.colcon_core.package_identification:_identify(/home/parallels/project/krever/src) by extension 'colcon_pkg'
[0.463s] Level 1:colcon.colcon_core.package_identification:_identify(/home/parallels/project/krever/src) by extensions ['colcon_meta']
[0.463s] Level 1:colcon.colcon_core.package_identification:_identify(/home/parallels/project/krever/src) by extension 'colcon_meta'
[0.463s] Level 1:colcon.colcon_core.package_identification:_identify(/home/parallels/project/krever/src) by extensions ['ros']
[0.463s] Level 1:colcon.colcon_core.package_identification:_identify(/home/parallels/project/krever/src) by extension 'ros'
[0.464s] Level 1:colcon.colcon_core.package_identification:_identify(/home/parallels/project/krever/src) by extensions ['cmake', 'python']
[0.464s] Level 1:colcon.colcon_core.package_identification:_identify(/home/parallels/project/krever/src) by extension 'cmake'
[0.464s] Level 1:colcon.colcon_core.package_identification:_identify(/home/parallels/project/krever/src) by extension 'python'
[0.464s] Level 1:colcon.colcon_core.package_identification:_identify(/home/parallels/project/krever/src) by extensions ['python_setup_py']
[0.464s] Level 1:colcon.colcon_core.package_identification:_identify(/home/parallels/project/krever/src) by extension 'python_setup_py'
[0.464s] Level 1:colcon.colcon_core.package_identification:_identify(/home/parallels/project/krever/src/krever_controller) by extensions ['ignore', 'ignore_ament_install']
[0.464s] Level 1:colcon.colcon_core.package_identification:_identify(/home/parallels/project/krever/src/krever_controller) by extension 'ignore'
[0.464s] Level 1:colcon.colcon_core.package_identification:_identify(/home/parallels/project/krever/src/krever_controller) by extension 'ignore_ament_install'
[0.464s] Level 1:colcon.colcon_core.package_identification:_identify(/home/parallels/project/krever/src/krever_controller) by extensions ['colcon_pkg']
[0.464s] Level 1:colcon.colcon_core.package_identification:_identify(/home/parallels/project/krever/src/krever_controller) by extension 'colcon_pkg'
[0.464s] Level 1:colcon.colcon_core.package_identification:_identify(/home/parallels/project/krever/src/krever_controller) by extensions ['colcon_meta']
[0.464s] Level 1:colcon.colcon_core.package_identification:_identify(/home/parallels/project/krever/src/krever_controller) by extension 'colcon_meta'
[0.464s] Level 1:colcon.colcon_core.package_identification:_identify(/home/parallels/project/krever/src/krever_controller) by extensions ['ros']
[0.464s] Level 1:colcon.colcon_core.package_identification:_identify(/home/parallels/project/krever/src/krever_controller) by extension 'ros'
[0.466s] DEBUG:colcon.colcon_core.package_identification:Package '/home/parallels/project/krever/src/krever_controller' with type 'ros.ament_python' and name 'krever_controller'
[0.466s] Level 1:colcon.colcon_core.package_discovery:discover_packages(recursive) using defaults
